Solid Edge in STL konvertieren
Datum: Mittwoch,November 22,2023 06:08
Quelldatei:E:\Desktop\Projekte\3DPrintingThings\Ixo-Nuss-Adapter\Part1.par
Ausgangssystem: SOLID EDGE

Hardware:
Prozessor: AMD Ryzen 5 5600 6-Core Processor              
Betriebssystem: Windows 10 Professional
Installierter Speicher: 31,92 GB

Software-Informationen:
Parasolid-Version: 34.0.153
PSBodyshop-Version: 34.0.110
Solid Edge-Version: 222.00.00.132 x64

STL-Exportoptionen:
Ausgabedateiformat:BINARY
Angezeigte Teile exportieren: Aus
Strukturoption: Monolithic
Einheiten exportieren:Inch
Toleranzwert exportieren:0,050000
Toleranztyp exportieren:Custom
Flächenplanwinkelwert exportieren:0,523599

Konvertierungsfortschritt:
Phase 1 von 2 - Abrufen der Parasolid-Informationen...
Phase 2 von 2 - Konvertieren von Parasolid in fremde Datentypen...
Anzahl erstellter STL-Dateien : 1
Konvertierungsvorgang ist abgeschlossen
Zum Konvertieren benötigte Zeit:00 : 00 : 00
